{
  "RSpec": {
    "coverage": {
      "/home/pryanik/RubymineProjects/codebreaker_rack/lib/game.rb": {
        "lines": [
          null,
          null,
          1,
          1,
          28,
          null,
          null,
          1,
          28,
          28,
          28,
          null,
          null,
          null,
          1,
          28,
          1,
          2,
          2,
          6,
          7,
          1,
          2,
          2,
          2,
          3,
          null,
          null,
          null,
          null,
          1,
          23,
          null,
          null,
          1,
          48,
          null,
          null,
          1,
          4,
          null,
          null,
          1,
          3,
          null,
          null,
          1,
          1,
          null,
          1,
          null,
          1,
          null,
          null,
          1,
          6,
          6,
          null,
          null,
          1,
          5,
          5,
          5,
          5,
          5,
          5,
          5,
          12,
          null,
          null,
          1,
          5,
          3,
          1,
          1,
          null,
          null,
          null,
          1,
          6,
          6,
          20,
          null,
          6,
          6,
          null,
          null,
          1,
          6,
          null,
          1,
          1,
          1,
          null,
          null,
          1,
          5,
          null,
          1,
          1,
          null,
          null,
          1,
          1,
          null,
          1,
          1,
          null,
          null,
          1,
          1,
          null,
          1,
          1,
          null,
          null,
          1,
          1,
          null,
          1,
          null,
          null
        ]
      },
      "/home/pryanik/RubymineProjects/codebreaker_rack/lib/statistics.rb": {
        "lines": [
          null,
          null,
          1,
          1,
          2,
          6,
          6,
          2,
          null,
          null,
          1,
          2,
          2,
          4,
          4,
          4,
          28,
          4,
          null,
          2,
          null,
          null
        ]
      }
    },
    "timestamp": 1641984412
  }
}
