{
  "RSpec": {
    "coverage": {
      "/Users/pryanik/RubymineProjects/codebreaker_rack/lib/game.rb": {
        "lines": [
          null,
          null,
          1,
          1,
          6,
          null,
          null,
          1,
          6,
          6,
          6,
          null,
          null,
          null,
          1,
          6,
          3,
          1,
          0,
          0,
          2,
          0,
          0,
          0,
          0,
          null,
          null,
          null,
          null,
          1,
          3,
          null,
          null,
          1,
          8,
          null,
          null,
          1,
          1,
          null,
          null,
          1,
          3,
          null,
          null,
          1,
          1,
          null,
          1,
          null,
          1,
          null,
          null,
          1,
          2,
          1,
          1,
          1,
          1,
          1,
          1,
          3,
          null,
          null,
          1,
          1,
          1,
          0,
          0,
          null,
          null,
          null,
          1,
          0,
          0,
          0,
          null,
          0,
          0,
          null,
          null,
          1,
          0,
          null,
          0,
          0,
          0,
          null,
          null,
          1,
          0,
          null,
          0,
          0,
          null,
          null,
          1,
          0,
          null,
          0,
          0,
          null,
          null,
          1,
          0,
          null,
          0,
          0,
          null,
          null,
          1,
          0,
          null,
          0,
          null,
          null
        ]
      }
    },
    "timestamp": 1641850368
  }
}
